{"/Users/vishnurohithb/Desktop/EcoWish/src/App.tsx": {"path":"/Users/vishnurohithb/Desktop/EcoWish/src/App.tsx","statementMap":{"0":{"start":{"line":9,"column":53},"end":{"line":9,"column":null}},"1":{"start":{"line":11,"column":8},"end":{"line":17,"column":null}},"2":{"start":{"line":12,"column":4},"end":{"line":16,"column":null}},"3":{"start":{"line":13,"column":6},"end":{"line":13,"column":null}},"4":{"start":{"line":19,"column":8},"end":{"line":25,"column":null}},"5":{"start":{"line":20,"column":4},"end":{"line":24,"column":null}},"6":{"start":{"line":21,"column":6},"end":{"line":21,"column":null}},"7":{"start":{"line":27,"column":2},"end":{"line":76,"column":null}},"8":{"start":{"line":51,"column":27},"end":{"line":51,"column":null}}},"fnMap":{"0":{"name":"App","decl":{"start":{"line":8,"column":9},"end":{"line":8,"column":15}},"loc":{"start":{"line":8,"column":15},"end":{"line":78,"column":null}},"line":8},"1":{"name":"(anonymous_1)","decl":{"start":{"line":11,"column":35},"end":{"line":11,"column":42}},"loc":{"start":{"line":11,"column":63},"end":{"line":17,"column":5}},"line":11},"2":{"name":"(anonymous_2)","decl":{"start":{"line":19,"column":38},"end":{"line":19,"column":45}},"loc":{"start":{"line":19,"column":60},"end":{"line":25,"column":5}},"line":19},"3":{"name":"(anonymous_3)","decl":{"start":{"line":51,"column":12},"end":{"line":51,"column":27}},"loc":{"start":{"line":51,"column":27},"end":{"line":51,"column":null}},"line":51}},"branchMap":{"0":{"loc":{"start":{"line":37,"column":7},"end":{"line":57,"column":null}},"type":"binary-expr","locations":[{"start":{"line":37,"column":7},"end":{"line":37,"column":null}},{"start":{"line":38,"column":8},"end":{"line":57,"column":null}}],"line":37},"1":{"loc":{"start":{"line":61,"column":9},"end":{"line":73,"column":null}},"type":"cond-expr","locations":[{"start":{"line":62,"column":10},"end":{"line":66,"column":11}},{"start":{"line":66,"column":10},"end":{"line":73,"column":null}}],"line":61},"2":{"loc":{"start":{"line":61,"column":9},"end":{"line":61,"column":null}},"type":"binary-expr","locations":[{"start":{"line":61,"column":9},"end":{"line":61,"column":22}},{"start":{"line":61,"column":22},"end":{"line":61,"column":null}}],"line":61}},"s":{"0":5,"1":5,"2":1,"3":1,"4":5,"5":1,"6":1,"7":5,"8":1},"f":{"0":5,"1":1,"2":1,"3":1},"b":{"0":[5,1],"1":[0,5],"2":[5,1]},"meta":{"lastBranch":3,"lastFunction":4,"lastStatement":9,"seen":{"f:8:9:8:15":0,"s:9:53:9:Infinity":0,"s:11:8:17:Infinity":1,"f:11:35:11:42":1,"s:12:4:16:Infinity":2,"s:13:6:13:Infinity":3,"s:19:8:25:Infinity":4,"f:19:38:19:45":2,"s:20:4:24:Infinity":5,"s:21:6:21:Infinity":6,"s:27:2:76:Infinity":7,"b:37:7:37:Infinity:38:8:57:Infinity":0,"f:51:12:51:27":3,"s:51:27:51:Infinity":8,"b:62:10:66:11:66:10:73:Infinity":1,"b:61:9:61:22:61:22:61:Infinity":2}}}
,"/Users/vishnurohithb/Desktop/EcoWish/src/supabaseClient.ts": {"path":"/Users/vishnurohithb/Desktop/EcoWish/src/supabaseClient.ts","statementMap":{"0":{"start":{"line":4,"column":20},"end":{"line":4,"column":null}},"1":{"start":{"line":5,"column":24},"end":{"line":5,"column":null}},"2":{"start":{"line":7,"column":0},"end":{"line":9,"column":null}},"3":{"start":{"line":8,"column":2},"end":{"line":8,"column":null}},"4":{"start":{"line":11,"column":13},"end":{"line":17,"column":null}}},"fnMap":{},"branchMap":{"0":{"loc":{"start":{"line":7,"column":0},"end":{"line":9,"column":null}},"type":"if","locations":[{"start":{"line":7,"column":0},"end":{"line":9,"column":null}},{"start":{},"end":{}}],"line":7},"1":{"loc":{"start":{"line":7,"column":4},"end":{"line":7,"column":38}},"type":"binary-expr","locations":[{"start":{"line":7,"column":4},"end":{"line":7,"column":20}},{"start":{"line":7,"column":20},"end":{"line":7,"column":38}}],"line":7}},"s":{"0":1,"1":1,"2":1,"3":0,"4":1},"f":{},"b":{"0":[0,1],"1":[1,1]},"meta":{"lastBranch":2,"lastFunction":0,"lastStatement":5,"seen":{"s:4:20:4:Infinity":0,"s:5:24:5:Infinity":1,"b:7:0:9:Infinity:undefined:undefined:undefined:undefined":0,"s:7:0:9:Infinity":2,"b:7:4:7:20:7:20:7:38":1,"s:8:2:8:Infinity":3,"s:11:13:17:Infinity":4}}}
,"/Users/vishnurohithb/Desktop/EcoWish/src/components/ActionList.tsx": {"path":"/Users/vishnurohithb/Desktop/EcoWish/src/components/ActionList.tsx","statementMap":{"0":{"start":{"line":11,"column":53},"end":{"line":50,"column":null}},"1":{"start":{"line":12,"column":2},"end":{"line":18,"column":null}},"2":{"start":{"line":13,"column":4},"end":{"line":16,"column":null}},"3":{"start":{"line":20,"column":2},"end":{"line":48,"column":null}},"4":{"start":{"line":25,"column":10},"end":{"line":45,"column":null}},"5":{"start":{"line":39,"column":29},"end":{"line":39,"column":null}}},"fnMap":{"0":{"name":"(anonymous_0)","decl":{"start":{"line":11,"column":59},"end":{"line":11,"column":65}},"loc":{"start":{"line":11,"column":91},"end":{"line":50,"column":1}},"line":11},"1":{"name":"(anonymous_1)","decl":{"start":{"line":24,"column":14},"end":{"line":24,"column":19}},"loc":{"start":{"line":25,"column":10},"end":{"line":45,"column":null}},"line":25},"2":{"name":"(anonymous_2)","decl":{"start":{"line":39,"column":14},"end":{"line":39,"column":29}},"loc":{"start":{"line":39,"column":29},"end":{"line":39,"column":null}},"line":39}},"branchMap":{"0":{"loc":{"start":{"line":12,"column":2},"end":{"line":18,"column":null}},"type":"if","locations":[{"start":{"line":12,"column":2},"end":{"line":18,"column":null}},{"start":{},"end":{}}],"line":12}},"s":{"0":2,"1":8,"2":2,"3":6,"4":6,"5":2},"f":{"0":8,"1":6,"2":2},"b":{"0":[2,6]},"meta":{"lastBranch":1,"lastFunction":3,"lastStatement":6,"seen":{"s:11:53:50:Infinity":0,"f:11:59:11:65":0,"b:12:2:18:Infinity:undefined:undefined:undefined:undefined":0,"s:12:2:18:Infinity":1,"s:13:4:16:Infinity":2,"s:20:2:48:Infinity":3,"f:24:14:24:19":1,"s:25:10:45:Infinity":4,"f:39:14:39:29":2,"s:39:29:39:Infinity":5}}}
,"/Users/vishnurohithb/Desktop/EcoWish/src/components/Dashboard.tsx": {"path":"/Users/vishnurohithb/Desktop/EcoWish/src/components/Dashboard.tsx","statementMap":{"0":{"start":{"line":9,"column":51},"end":{"line":51,"column":null}},"1":{"start":{"line":10,"column":8},"end":{"line":13,"column":null}},"2":{"start":{"line":11,"column":10},"end":{"line":11,"column":null}},"3":{"start":{"line":11,"column":36},"end":{"line":11,"column":71}},"4":{"start":{"line":15,"column":8},"end":{"line":18,"column":null}},"5":{"start":{"line":15,"column":25},"end":{"line":16,"column":null}},"6":{"start":{"line":20,"column":2},"end":{"line":49,"column":null}}},"fnMap":{"0":{"name":"(anonymous_0)","decl":{"start":{"line":9,"column":57},"end":{"line":9,"column":63}},"loc":{"start":{"line":9,"column":76},"end":{"line":51,"column":1}},"line":9},"1":{"name":"(anonymous_1)","decl":{"start":{"line":10,"column":27},"end":{"line":10,"column":null}},"loc":{"start":{"line":11,"column":10},"end":{"line":11,"column":null}},"line":11},"2":{"name":"(anonymous_2)","decl":{"start":{"line":11,"column":15},"end":{"line":11,"column":23}},"loc":{"start":{"line":11,"column":36},"end":{"line":11,"column":71}},"line":11},"3":{"name":"(anonymous_3)","decl":{"start":{"line":15,"column":25},"end":{"line":15,"column":null}},"loc":{"start":{"line":15,"column":25},"end":{"line":16,"column":null}},"line":15}},"branchMap":{},"s":{"0":2,"1":7,"2":7,"3":8,"4":7,"5":7,"6":7},"f":{"0":7,"1":7,"2":8,"3":7},"b":{},"meta":{"lastBranch":0,"lastFunction":4,"lastStatement":7,"seen":{"s:9:51:51:Infinity":0,"f:9:57:9:63":0,"s:10:8:13:Infinity":1,"f:10:27:10:Infinity":1,"s:11:10:11:Infinity":2,"f:11:15:11:23":2,"s:11:36:11:71":3,"s:15:8:18:Infinity":4,"f:15:25:15:Infinity":3,"s:15:25:16:Infinity":5,"s:20:2:49:Infinity":6}}}
,"/Users/vishnurohithb/Desktop/EcoWish/src/components/LogActionForm.tsx": {"path":"/Users/vishnurohithb/Desktop/EcoWish/src/components/LogActionForm.tsx","statementMap":{"0":{"start":{"line":9,"column":59},"end":{"line":66,"column":null}},"1":{"start":{"line":10,"column":27},"end":{"line":10,"column":null}},"2":{"start":{"line":11,"column":23},"end":{"line":11,"column":null}},"3":{"start":{"line":13,"column":23},"end":{"line":29,"column":null}},"4":{"start":{"line":14,"column":4},"end":{"line":14,"column":null}},"5":{"start":{"line":15,"column":4},"end":{"line":15,"column":null}},"6":{"start":{"line":15,"column":27},"end":{"line":15,"column":null}},"7":{"start":{"line":17,"column":19},"end":{"line":17,"column":null}},"8":{"start":{"line":17,"column":41},"end":{"line":17,"column":66}},"9":{"start":{"line":18,"column":4},"end":{"line":18,"column":null}},"10":{"start":{"line":18,"column":48},"end":{"line":18,"column":null}},"11":{"start":{"line":20,"column":4},"end":{"line":20,"column":null}},"12":{"start":{"line":21,"column":4},"end":{"line":28,"column":null}},"13":{"start":{"line":22,"column":6},"end":{"line":22,"column":null}},"14":{"start":{"line":23,"column":6},"end":{"line":23,"column":null}},"15":{"start":{"line":25,"column":6},"end":{"line":25,"column":null}},"16":{"start":{"line":27,"column":6},"end":{"line":27,"column":null}},"17":{"start":{"line":31,"column":2},"end":{"line":64,"column":null}},"18":{"start":{"line":42,"column":29},"end":{"line":42,"column":null}},"19":{"start":{"line":48,"column":14},"end":{"line":50,"column":null}}},"fnMap":{"0":{"name":"(anonymous_0)","decl":{"start":{"line":9,"column":65},"end":{"line":9,"column":71}},"loc":{"start":{"line":9,"column":88},"end":{"line":66,"column":1}},"line":9},"1":{"name":"(anonymous_1)","decl":{"start":{"line":13,"column":23},"end":{"line":13,"column":30}},"loc":{"start":{"line":13,"column":53},"end":{"line":29,"column":null}},"line":13},"2":{"name":"(anonymous_2)","decl":{"start":{"line":17,"column":31},"end":{"line":17,"column":36}},"loc":{"start":{"line":17,"column":41},"end":{"line":17,"column":66}},"line":17},"3":{"name":"(anonymous_3)","decl":{"start":{"line":42,"column":12},"end":{"line":42,"column":23}},"loc":{"start":{"line":42,"column":29},"end":{"line":42,"column":null}},"line":42},"4":{"name":"(anonymous_4)","decl":{"start":{"line":47,"column":25},"end":{"line":47,"column":29}},"loc":{"start":{"line":48,"column":14},"end":{"line":50,"column":null}},"line":48}},"branchMap":{"0":{"loc":{"start":{"line":15,"column":4},"end":{"line":15,"column":null}},"type":"if","locations":[{"start":{"line":15,"column":4},"end":{"line":15,"column":null}},{"start":{},"end":{}}],"line":15},"1":{"loc":{"start":{"line":18,"column":4},"end":{"line":18,"column":null}},"type":"if","locations":[{"start":{"line":18,"column":4},"end":{"line":18,"column":null}},{"start":{},"end":{}}],"line":18},"2":{"loc":{"start":{"line":18,"column":8},"end":{"line":18,"column":48}},"type":"binary-expr","locations":[{"start":{"line":18,"column":8},"end":{"line":18,"column":19}},{"start":{"line":18,"column":19},"end":{"line":18,"column":48}}],"line":18},"3":{"loc":{"start":{"line":57,"column":20},"end":{"line":57,"column":null}},"type":"binary-expr","locations":[{"start":{"line":57,"column":20},"end":{"line":57,"column":41}},{"start":{"line":57,"column":41},"end":{"line":57,"column":null}}],"line":57},"4":{"loc":{"start":{"line":61,"column":11},"end":{"line":61,"column":null}},"type":"cond-expr","locations":[{"start":{"line":61,"column":26},"end":{"line":61,"column":41}},{"start":{"line":61,"column":41},"end":{"line":61,"column":null}}],"line":61}},"s":{"0":2,"1":18,"2":18,"3":18,"4":5,"5":5,"6":1,"7":4,"8":11,"9":4,"10":1,"11":3,"12":3,"13":3,"14":2,"15":1,"16":3,"17":18,"18":4,"19":128},"f":{"0":18,"1":5,"2":11,"3":4,"4":128},"b":{"0":[1,4],"1":[1,3],"2":[4,4],"3":[18,7],"4":[3,15]},"meta":{"lastBranch":5,"lastFunction":5,"lastStatement":20,"seen":{"s:9:59:66:Infinity":0,"f:9:65:9:71":0,"s:10:27:10:Infinity":1,"s:11:23:11:Infinity":2,"s:13:23:29:Infinity":3,"f:13:23:13:30":1,"s:14:4:14:Infinity":4,"b:15:4:15:Infinity:undefined:undefined:undefined:undefined":0,"s:15:4:15:Infinity":5,"s:15:27:15:Infinity":6,"s:17:19:17:Infinity":7,"f:17:31:17:36":2,"s:17:41:17:66":8,"b:18:4:18:Infinity:undefined:undefined:undefined:undefined":1,"s:18:4:18:Infinity":9,"b:18:8:18:19:18:19:18:48":2,"s:18:48:18:Infinity":10,"s:20:4:20:Infinity":11,"s:21:4:28:Infinity":12,"s:22:6:22:Infinity":13,"s:23:6:23:Infinity":14,"s:25:6:25:Infinity":15,"s:27:6:27:Infinity":16,"s:31:2:64:Infinity":17,"f:42:12:42:23":3,"s:42:29:42:Infinity":18,"f:47:25:47:29":4,"s:48:14:50:Infinity":19,"b:57:20:57:41:57:41:57:Infinity":3,"b:61:26:61:41:61:41:61:Infinity":4}}}
,"/Users/vishnurohithb/Desktop/EcoWish/src/constants/actions.ts": {"path":"/Users/vishnurohithb/Desktop/EcoWish/src/constants/actions.ts","statementMap":{"0":{"start":{"line":3,"column":40},"end":{"line":11,"column":null}}},"fnMap":{},"branchMap":{},"s":{"0":3},"f":{},"b":{},"meta":{"lastBranch":0,"lastFunction":0,"lastStatement":1,"seen":{"s:3:40:11:Infinity":0}}}
,"/Users/vishnurohithb/Desktop/EcoWish/src/hooks/useActionLogs.ts": {"path":"/Users/vishnurohithb/Desktop/EcoWish/src/hooks/useActionLogs.ts","statementMap":{"0":{"start":{"line":7,"column":25},"end":{"line":7,"column":null}},"1":{"start":{"line":9,"column":13},"end":{"line":100,"column":null}},"2":{"start":{"line":10,"column":15},"end":{"line":10,"column":null}},"3":{"start":{"line":11,"column":20},"end":{"line":11,"column":null}},"4":{"start":{"line":12,"column":16},"end":{"line":12,"column":null}},"5":{"start":{"line":14,"column":8},"end":{"line":36,"column":null}},"6":{"start":{"line":15,"column":4},"end":{"line":35,"column":null}},"7":{"start":{"line":16,"column":6},"end":{"line":16,"column":null}},"8":{"start":{"line":17,"column":39},"end":{"line":21,"column":null}},"9":{"start":{"line":23,"column":6},"end":{"line":23,"column":null}},"10":{"start":{"line":23,"column":19},"end":{"line":23,"column":null}},"11":{"start":{"line":24,"column":6},"end":{"line":24,"column":null}},"12":{"start":{"line":25,"column":6},"end":{"line":25,"column":null}},"13":{"start":{"line":27,"column":6},"end":{"line":27,"column":null}},"14":{"start":{"line":27,"column":61},"end":{"line":27,"column":null}},"15":{"start":{"line":28,"column":6},"end":{"line":32,"column":null}},"16":{"start":{"line":29,"column":8},"end":{"line":29,"column":null}},"17":{"start":{"line":31,"column":8},"end":{"line":31,"column":null}},"18":{"start":{"line":34,"column":6},"end":{"line":34,"column":null}},"19":{"start":{"line":38,"column":2},"end":{"line":43,"column":null}},"20":{"start":{"line":39,"column":23},"end":{"line":39,"column":null}},"21":{"start":{"line":41,"column":4},"end":{"line":41,"column":null}},"22":{"start":{"line":42,"column":4},"end":{"line":42,"column":null}},"23":{"start":{"line":42,"column":17},"end":{"line":42,"column":null}},"24":{"start":{"line":46,"column":8},"end":{"line":76,"column":null}},"25":{"start":{"line":47,"column":22},"end":{"line":47,"column":null}},"26":{"start":{"line":47,"column":44},"end":{"line":47,"column":61}},"27":{"start":{"line":48,"column":4},"end":{"line":48,"column":null}},"28":{"start":{"line":48,"column":20},"end":{"line":48,"column":null}},"29":{"start":{"line":50,"column":4},"end":{"line":75,"column":null}},"30":{"start":{"line":51,"column":6},"end":{"line":51,"column":null}},"31":{"start":{"line":52,"column":39},"end":{"line":61,"column":null}},"32":{"start":{"line":63,"column":6},"end":{"line":63,"column":null}},"33":{"start":{"line":63,"column":19},"end":{"line":63,"column":null}},"34":{"start":{"line":65,"column":6},"end":{"line":67,"column":null}},"35":{"start":{"line":66,"column":8},"end":{"line":66,"column":null}},"36":{"start":{"line":66,"column":24},"end":{"line":66,"column":39}},"37":{"start":{"line":69,"column":6},"end":{"line":73,"column":null}},"38":{"start":{"line":70,"column":8},"end":{"line":70,"column":null}},"39":{"start":{"line":72,"column":8},"end":{"line":72,"column":null}},"40":{"start":{"line":74,"column":6},"end":{"line":74,"column":null}},"41":{"start":{"line":78,"column":8},"end":{"line":97,"column":null}},"42":{"start":{"line":79,"column":4},"end":{"line":96,"column":null}},"43":{"start":{"line":80,"column":6},"end":{"line":80,"column":null}},"44":{"start":{"line":81,"column":33},"end":{"line":84,"column":null}},"45":{"start":{"line":86,"column":6},"end":{"line":86,"column":null}},"46":{"start":{"line":86,"column":19},"end":{"line":86,"column":null}},"47":{"start":{"line":88,"column":6},"end":{"line":88,"column":null}},"48":{"start":{"line":88,"column":26},"end":{"line":88,"column":63}},"49":{"start":{"line":88,"column":49},"end":{"line":88,"column":62}},"50":{"start":{"line":90,"column":6},"end":{"line":94,"column":null}},"51":{"start":{"line":91,"column":8},"end":{"line":91,"column":null}},"52":{"start":{"line":93,"column":8},"end":{"line":93,"column":null}},"53":{"start":{"line":95,"column":6},"end":{"line":95,"column":null}},"54":{"start":{"line":99,"column":2},"end":{"line":99,"column":null}}},"fnMap":{"0":{"name":"(anonymous_0)","decl":{"start":{"line":9,"column":13},"end":{"line":9,"column":35}},"loc":{"start":{"line":9,"column":35},"end":{"line":100,"column":null}},"line":9},"1":{"name":"(anonymous_1)","decl":{"start":{"line":14,"column":32},"end":{"line":14,"column":39}},"loc":{"start":{"line":14,"column":64},"end":{"line":36,"column":5}},"line":14},"2":{"name":"(anonymous_2)","decl":{"start":{"line":38,"column":2},"end":{"line":38,"column":18}},"loc":{"start":{"line":38,"column":18},"end":{"line":43,"column":5}},"line":38},"3":{"name":"(anonymous_3)","decl":{"start":{"line":42,"column":4},"end":{"line":42,"column":17}},"loc":{"start":{"line":42,"column":17},"end":{"line":42,"column":null}},"line":42},"4":{"name":"(anonymous_4)","decl":{"start":{"line":46,"column":29},"end":{"line":46,"column":36}},"loc":{"start":{"line":46,"column":57},"end":{"line":76,"column":5}},"line":46},"5":{"name":"(anonymous_5)","decl":{"start":{"line":47,"column":34},"end":{"line":47,"column":39}},"loc":{"start":{"line":47,"column":44},"end":{"line":47,"column":61}},"line":47},"6":{"name":"(anonymous_6)","decl":{"start":{"line":66,"column":8},"end":{"line":66,"column":16}},"loc":{"start":{"line":66,"column":24},"end":{"line":66,"column":39}},"line":66},"7":{"name":"(anonymous_7)","decl":{"start":{"line":78,"column":32},"end":{"line":78,"column":39}},"loc":{"start":{"line":78,"column":54},"end":{"line":97,"column":5}},"line":78},"8":{"name":"(anonymous_8)","decl":{"start":{"line":88,"column":6},"end":{"line":88,"column":14}},"loc":{"start":{"line":88,"column":26},"end":{"line":88,"column":63}},"line":88},"9":{"name":"(anonymous_9)","decl":{"start":{"line":88,"column":35},"end":{"line":88,"column":42}},"loc":{"start":{"line":88,"column":49},"end":{"line":88,"column":62}},"line":88}},"branchMap":{"0":{"loc":{"start":{"line":21,"column":21},"end":{"line":21,"column":59}},"type":"binary-expr","locations":[{"start":{"line":21,"column":21},"end":{"line":21,"column":31}},{"start":{"line":21,"column":31},"end":{"line":21,"column":59}}],"line":21},"1":{"loc":{"start":{"line":23,"column":6},"end":{"line":23,"column":null}},"type":"if","locations":[{"start":{"line":23,"column":6},"end":{"line":23,"column":null}},{"start":{},"end":{}}],"line":23},"2":{"loc":{"start":{"line":24,"column":14},"end":{"line":24,"column":24}},"type":"binary-expr","locations":[{"start":{"line":24,"column":14},"end":{"line":24,"column":22}},{"start":{"line":24,"column":22},"end":{"line":24,"column":24}}],"line":24},"3":{"loc":{"start":{"line":27,"column":6},"end":{"line":27,"column":null}},"type":"if","locations":[{"start":{"line":27,"column":6},"end":{"line":27,"column":null}},{"start":{},"end":{}}],"line":27},"4":{"loc":{"start":{"line":27,"column":10},"end":{"line":27,"column":61}},"type":"binary-expr","locations":[{"start":{"line":27,"column":10},"end":{"line":27,"column":34}},{"start":{"line":27,"column":34},"end":{"line":27,"column":61}}],"line":27},"5":{"loc":{"start":{"line":28,"column":6},"end":{"line":32,"column":null}},"type":"if","locations":[{"start":{"line":28,"column":6},"end":{"line":32,"column":null}},{"start":{"line":30,"column":13},"end":{"line":32,"column":null}}],"line":28},"6":{"loc":{"start":{"line":48,"column":4},"end":{"line":48,"column":null}},"type":"if","locations":[{"start":{"line":48,"column":4},"end":{"line":48,"column":null}},{"start":{},"end":{}}],"line":48},"7":{"loc":{"start":{"line":63,"column":6},"end":{"line":63,"column":null}},"type":"if","locations":[{"start":{"line":63,"column":6},"end":{"line":63,"column":null}},{"start":{},"end":{}}],"line":63},"8":{"loc":{"start":{"line":65,"column":6},"end":{"line":67,"column":null}},"type":"if","locations":[{"start":{"line":65,"column":6},"end":{"line":67,"column":null}},{"start":{},"end":{}}],"line":65},"9":{"loc":{"start":{"line":69,"column":6},"end":{"line":73,"column":null}},"type":"if","locations":[{"start":{"line":69,"column":6},"end":{"line":73,"column":null}},{"start":{"line":71,"column":13},"end":{"line":73,"column":null}}],"line":69},"10":{"loc":{"start":{"line":86,"column":6},"end":{"line":86,"column":null}},"type":"if","locations":[{"start":{"line":86,"column":6},"end":{"line":86,"column":null}},{"start":{},"end":{}}],"line":86},"11":{"loc":{"start":{"line":90,"column":6},"end":{"line":94,"column":null}},"type":"if","locations":[{"start":{"line":90,"column":6},"end":{"line":94,"column":null}},{"start":{"line":92,"column":13},"end":{"line":94,"column":null}}],"line":90}},"s":{"0":2,"1":2,"2":32,"3":32,"4":32,"5":32,"6":13,"7":13,"8":13,"9":11,"10":1,"11":10,"12":13,"13":3,"14":0,"15":3,"16":1,"17":2,"18":13,"19":32,"20":13,"21":13,"22":13,"23":13,"24":32,"25":5,"26":11,"27":5,"28":1,"29":4,"30":4,"31":4,"32":3,"33":1,"34":2,"35":1,"36":1,"37":2,"38":1,"39":1,"40":2,"41":32,"42":3,"43":3,"44":3,"45":2,"46":2,"47":1,"48":1,"49":1,"50":2,"51":1,"52":1,"53":2,"54":32},"f":{"0":32,"1":13,"2":13,"3":13,"4":5,"5":11,"6":1,"7":3,"8":1,"9":1},"b":{"0":[13,0],"1":[1,10],"2":[10,1],"3":[0,3],"4":[3,1],"5":[1,2],"6":[1,4],"7":[1,2],"8":[1,1],"9":[1,1],"10":[1,1],"11":[1,1]},"meta":{"lastBranch":12,"lastFunction":10,"lastStatement":55,"seen":{"s:7:25:7:Infinity":0,"s:9:13:100:Infinity":1,"f:9:13:9:35":0,"s:10:15:10:Infinity":2,"s:11:20:11:Infinity":3,"s:12:16:12:Infinity":4,"s:14:8:36:Infinity":5,"f:14:32:14:39":1,"s:15:4:35:Infinity":6,"s:16:6:16:Infinity":7,"s:17:39:21:Infinity":8,"b:21:21:21:31:21:31:21:59":0,"b:23:6:23:Infinity:undefined:undefined:undefined:undefined":1,"s:23:6:23:Infinity":9,"s:23:19:23:Infinity":10,"s:24:6:24:Infinity":11,"b:24:14:24:22:24:22:24:24":2,"s:25:6:25:Infinity":12,"b:27:6:27:Infinity:undefined:undefined:undefined:undefined":3,"s:27:6:27:Infinity":13,"b:27:10:27:34:27:34:27:61":4,"s:27:61:27:Infinity":14,"b:28:6:32:Infinity:30:13:32:Infinity":5,"s:28:6:32:Infinity":15,"s:29:8:29:Infinity":16,"s:31:8:31:Infinity":17,"s:34:6:34:Infinity":18,"s:38:2:43:Infinity":19,"f:38:2:38:18":2,"s:39:23:39:Infinity":20,"s:41:4:41:Infinity":21,"s:42:4:42:Infinity":22,"f:42:4:42:17":3,"s:42:17:42:Infinity":23,"s:46:8:76:Infinity":24,"f:46:29:46:36":4,"s:47:22:47:Infinity":25,"f:47:34:47:39":5,"s:47:44:47:61":26,"b:48:4:48:Infinity:undefined:undefined:undefined:undefined":6,"s:48:4:48:Infinity":27,"s:48:20:48:Infinity":28,"s:50:4:75:Infinity":29,"s:51:6:51:Infinity":30,"s:52:39:61:Infinity":31,"b:63:6:63:Infinity:undefined:undefined:undefined:undefined":7,"s:63:6:63:Infinity":32,"s:63:19:63:Infinity":33,"b:65:6:67:Infinity:undefined:undefined:undefined:undefined":8,"s:65:6:67:Infinity":34,"s:66:8:66:Infinity":35,"f:66:8:66:16":6,"s:66:24:66:39":36,"b:69:6:73:Infinity:71:13:73:Infinity":9,"s:69:6:73:Infinity":37,"s:70:8:70:Infinity":38,"s:72:8:72:Infinity":39,"s:74:6:74:Infinity":40,"s:78:8:97:Infinity":41,"f:78:32:78:39":7,"s:79:4:96:Infinity":42,"s:80:6:80:Infinity":43,"s:81:33:84:Infinity":44,"b:86:6:86:Infinity:undefined:undefined:undefined:undefined":10,"s:86:6:86:Infinity":45,"s:86:19:86:Infinity":46,"s:88:6:88:Infinity":47,"f:88:6:88:14":8,"s:88:26:88:63":48,"f:88:35:88:42":9,"s:88:49:88:62":49,"b:90:6:94:Infinity:92:13:94:Infinity":11,"s:90:6:94:Infinity":50,"s:91:8:91:Infinity":51,"s:93:8:93:Infinity":52,"s:95:6:95:Infinity":53,"s:99:2:99:Infinity":54}}}
,"/Users/vishnurohithb/Desktop/EcoWish/src/utils/auth.ts": {"path":"/Users/vishnurohithb/Desktop/EcoWish/src/utils/auth.ts","statementMap":{"0":{"start":{"line":1,"column":13},"end":{"line":8,"column":null}},"1":{"start":{"line":2,"column":15},"end":{"line":2,"column":null}},"2":{"start":{"line":3,"column":2},"end":{"line":6,"column":null}},"3":{"start":{"line":4,"column":4},"end":{"line":4,"column":null}},"4":{"start":{"line":5,"column":4},"end":{"line":5,"column":null}},"5":{"start":{"line":7,"column":2},"end":{"line":7,"column":null}}},"fnMap":{"0":{"name":"(anonymous_0)","decl":{"start":{"line":1,"column":13},"end":{"line":1,"column":48}},"loc":{"start":{"line":1,"column":48},"end":{"line":8,"column":null}},"line":1}},"branchMap":{"0":{"loc":{"start":{"line":3,"column":2},"end":{"line":6,"column":null}},"type":"if","locations":[{"start":{"line":3,"column":2},"end":{"line":6,"column":null}},{"start":{},"end":{}}],"line":3}},"s":{"0":3,"1":7,"2":7,"3":3,"4":3,"5":7},"f":{"0":7},"b":{"0":[3,4]},"meta":{"lastBranch":1,"lastFunction":1,"lastStatement":6,"seen":{"s:1:13:8:Infinity":0,"f:1:13:1:48":0,"s:2:15:2:Infinity":1,"b:3:2:6:Infinity:undefined:undefined:undefined:undefined":0,"s:3:2:6:Infinity":2,"s:4:4:4:Infinity":3,"s:5:4:5:Infinity":4,"s:7:2:7:Infinity":5}}}
}
