{"/Users/vishnurohithb/Desktop/EcoWish/src/App.tsx": {"path":"/Users/vishnurohithb/Desktop/EcoWish/src/App.tsx","statementMap":{"0":{"start":{"line":8,"column":53},"end":{"line":8,"column":null}},"1":{"start":{"line":10,"column":23},"end":{"line":16,"column":null}},"2":{"start":{"line":11,"column":4},"end":{"line":15,"column":null}},"3":{"start":{"line":12,"column":6},"end":{"line":12,"column":null}},"4":{"start":{"line":18,"column":26},"end":{"line":24,"column":null}},"5":{"start":{"line":19,"column":4},"end":{"line":23,"column":null}},"6":{"start":{"line":20,"column":6},"end":{"line":20,"column":null}},"7":{"start":{"line":26,"column":2},"end":{"line":70,"column":null}},"8":{"start":{"line":50,"column":33},"end":{"line":50,"column":49}}},"fnMap":{"0":{"name":"App","decl":{"start":{"line":7,"column":9},"end":{"line":7,"column":15}},"loc":{"start":{"line":7,"column":15},"end":{"line":72,"column":null}},"line":7},"1":{"name":"(anonymous_1)","decl":{"start":{"line":10,"column":23},"end":{"line":10,"column":30}},"loc":{"start":{"line":10,"column":51},"end":{"line":16,"column":null}},"line":10},"2":{"name":"(anonymous_2)","decl":{"start":{"line":18,"column":26},"end":{"line":18,"column":33}},"loc":{"start":{"line":18,"column":48},"end":{"line":24,"column":null}},"line":18},"3":{"name":"(anonymous_3)","decl":{"start":{"line":50,"column":18},"end":{"line":50,"column":33}},"loc":{"start":{"line":50,"column":33},"end":{"line":50,"column":49}},"line":50}},"branchMap":{"0":{"loc":{"start":{"line":36,"column":7},"end":{"line":51,"column":null}},"type":"binary-expr","locations":[{"start":{"line":36,"column":7},"end":{"line":36,"column":null}},{"start":{"line":37,"column":8},"end":{"line":51,"column":null}}],"line":36},"1":{"loc":{"start":{"line":55,"column":9},"end":{"line":67,"column":null}},"type":"cond-expr","locations":[{"start":{"line":56,"column":10},"end":{"line":60,"column":11}},{"start":{"line":60,"column":10},"end":{"line":67,"column":null}}],"line":55},"2":{"loc":{"start":{"line":55,"column":9},"end":{"line":55,"column":null}},"type":"binary-expr","locations":[{"start":{"line":55,"column":9},"end":{"line":55,"column":22}},{"start":{"line":55,"column":22},"end":{"line":55,"column":null}}],"line":55}},"s":{"0":5,"1":5,"2":1,"3":1,"4":5,"5":1,"6":1,"7":5,"8":1},"f":{"0":5,"1":1,"2":1,"3":1},"b":{"0":[5,1],"1":[0,5],"2":[5,1]},"meta":{"lastBranch":3,"lastFunction":4,"lastStatement":9,"seen":{"f:7:9:7:15":0,"s:8:53:8:Infinity":0,"s:10:23:16:Infinity":1,"f:10:23:10:30":1,"s:11:4:15:Infinity":2,"s:12:6:12:Infinity":3,"s:18:26:24:Infinity":4,"f:18:26:18:33":2,"s:19:4:23:Infinity":5,"s:20:6:20:Infinity":6,"s:26:2:70:Infinity":7,"b:36:7:36:Infinity:37:8:51:Infinity":0,"f:50:18:50:33":3,"s:50:33:50:49":8,"b:56:10:60:11:60:10:67:Infinity":1,"b:55:9:55:22:55:22:55:Infinity":2}}}
,"/Users/vishnurohithb/Desktop/EcoWish/src/supabaseClient.ts": {"path":"/Users/vishnurohithb/Desktop/EcoWish/src/supabaseClient.ts","statementMap":{"0":{"start":{"line":4,"column":20},"end":{"line":4,"column":null}},"1":{"start":{"line":5,"column":24},"end":{"line":5,"column":null}},"2":{"start":{"line":7,"column":0},"end":{"line":9,"column":null}},"3":{"start":{"line":8,"column":2},"end":{"line":8,"column":null}},"4":{"start":{"line":11,"column":13},"end":{"line":17,"column":null}}},"fnMap":{},"branchMap":{"0":{"loc":{"start":{"line":7,"column":0},"end":{"line":9,"column":null}},"type":"if","locations":[{"start":{"line":7,"column":0},"end":{"line":9,"column":null}},{"start":{},"end":{}}],"line":7},"1":{"loc":{"start":{"line":7,"column":4},"end":{"line":7,"column":38}},"type":"binary-expr","locations":[{"start":{"line":7,"column":4},"end":{"line":7,"column":20}},{"start":{"line":7,"column":20},"end":{"line":7,"column":38}}],"line":7}},"s":{"0":1,"1":1,"2":1,"3":0,"4":1},"f":{},"b":{"0":[0,1],"1":[1,1]},"meta":{"lastBranch":2,"lastFunction":0,"lastStatement":5,"seen":{"s:4:20:4:Infinity":0,"s:5:24:5:Infinity":1,"b:7:0:9:Infinity:undefined:undefined:undefined:undefined":0,"s:7:0:9:Infinity":2,"b:7:4:7:20:7:20:7:38":1,"s:8:2:8:Infinity":3,"s:11:13:17:Infinity":4}}}
,"/Users/vishnurohithb/Desktop/EcoWish/src/components/ActionList.tsx": {"path":"/Users/vishnurohithb/Desktop/EcoWish/src/components/ActionList.tsx","statementMap":{"0":{"start":{"line":11,"column":53},"end":{"line":51,"column":null}},"1":{"start":{"line":12,"column":2},"end":{"line":18,"column":null}},"2":{"start":{"line":13,"column":4},"end":{"line":16,"column":null}},"3":{"start":{"line":20,"column":2},"end":{"line":49,"column":null}},"4":{"start":{"line":25,"column":10},"end":{"line":46,"column":null}},"5":{"start":{"line":39,"column":29},"end":{"line":39,"column":null}}},"fnMap":{"0":{"name":"(anonymous_0)","decl":{"start":{"line":11,"column":59},"end":{"line":11,"column":65}},"loc":{"start":{"line":11,"column":91},"end":{"line":51,"column":1}},"line":11},"1":{"name":"(anonymous_1)","decl":{"start":{"line":24,"column":14},"end":{"line":24,"column":19}},"loc":{"start":{"line":25,"column":10},"end":{"line":46,"column":null}},"line":25},"2":{"name":"(anonymous_2)","decl":{"start":{"line":39,"column":14},"end":{"line":39,"column":29}},"loc":{"start":{"line":39,"column":29},"end":{"line":39,"column":null}},"line":39}},"branchMap":{"0":{"loc":{"start":{"line":12,"column":2},"end":{"line":18,"column":null}},"type":"if","locations":[{"start":{"line":12,"column":2},"end":{"line":18,"column":null}},{"start":{},"end":{}}],"line":12}},"s":{"0":2,"1":7,"2":2,"3":5,"4":5,"5":1},"f":{"0":7,"1":5,"2":1},"b":{"0":[2,5]},"meta":{"lastBranch":1,"lastFunction":3,"lastStatement":6,"seen":{"s:11:53:51:Infinity":0,"f:11:59:11:65":0,"b:12:2:18:Infinity:undefined:undefined:undefined:undefined":0,"s:12:2:18:Infinity":1,"s:13:4:16:Infinity":2,"s:20:2:49:Infinity":3,"f:24:14:24:19":1,"s:25:10:46:Infinity":4,"f:39:14:39:29":2,"s:39:29:39:Infinity":5}}}
,"/Users/vishnurohithb/Desktop/EcoWish/src/components/Dashboard.tsx": {"path":"/Users/vishnurohithb/Desktop/EcoWish/src/components/Dashboard.tsx","statementMap":{"0":{"start":{"line":9,"column":51},"end":{"line":39,"column":null}},"1":{"start":{"line":10,"column":8},"end":{"line":12,"column":null}},"2":{"start":{"line":11,"column":4},"end":{"line":11,"column":null}},"3":{"start":{"line":11,"column":37},"end":{"line":11,"column":72}},"4":{"start":{"line":14,"column":8},"end":{"line":17,"column":null}},"5":{"start":{"line":16,"column":4},"end":{"line":16,"column":null}},"6":{"start":{"line":19,"column":2},"end":{"line":37,"column":null}}},"fnMap":{"0":{"name":"(anonymous_0)","decl":{"start":{"line":9,"column":57},"end":{"line":9,"column":63}},"loc":{"start":{"line":9,"column":76},"end":{"line":39,"column":1}},"line":9},"1":{"name":"(anonymous_1)","decl":{"start":{"line":10,"column":27},"end":{"line":10,"column":41}},"loc":{"start":{"line":10,"column":41},"end":{"line":12,"column":5}},"line":10},"2":{"name":"(anonymous_2)","decl":{"start":{"line":11,"column":16},"end":{"line":11,"column":24}},"loc":{"start":{"line":11,"column":37},"end":{"line":11,"column":72}},"line":11},"3":{"name":"(anonymous_3)","decl":{"start":{"line":14,"column":25},"end":{"line":14,"column":39}},"loc":{"start":{"line":14,"column":39},"end":{"line":17,"column":5}},"line":14}},"branchMap":{},"s":{"0":2,"1":7,"2":7,"3":8,"4":7,"5":7,"6":7},"f":{"0":7,"1":7,"2":8,"3":7},"b":{},"meta":{"lastBranch":0,"lastFunction":4,"lastStatement":7,"seen":{"s:9:51:39:Infinity":0,"f:9:57:9:63":0,"s:10:8:12:Infinity":1,"f:10:27:10:41":1,"s:11:4:11:Infinity":2,"f:11:16:11:24":2,"s:11:37:11:72":3,"s:14:8:17:Infinity":4,"f:14:25:14:39":3,"s:16:4:16:Infinity":5,"s:19:2:37:Infinity":6}}}
,"/Users/vishnurohithb/Desktop/EcoWish/src/components/LogActionForm.tsx": {"path":"/Users/vishnurohithb/Desktop/EcoWish/src/components/LogActionForm.tsx","statementMap":{"0":{"start":{"line":9,"column":59},"end":{"line":61,"column":null}},"1":{"start":{"line":10,"column":27},"end":{"line":10,"column":null}},"2":{"start":{"line":11,"column":23},"end":{"line":11,"column":null}},"3":{"start":{"line":13,"column":23},"end":{"line":26,"column":null}},"4":{"start":{"line":14,"column":4},"end":{"line":14,"column":null}},"5":{"start":{"line":15,"column":4},"end":{"line":15,"column":null}},"6":{"start":{"line":15,"column":27},"end":{"line":15,"column":null}},"7":{"start":{"line":17,"column":4},"end":{"line":17,"column":null}},"8":{"start":{"line":18,"column":4},"end":{"line":25,"column":null}},"9":{"start":{"line":19,"column":6},"end":{"line":19,"column":null}},"10":{"start":{"line":20,"column":6},"end":{"line":20,"column":null}},"11":{"start":{"line":22,"column":6},"end":{"line":22,"column":null}},"12":{"start":{"line":24,"column":6},"end":{"line":24,"column":null}},"13":{"start":{"line":28,"column":2},"end":{"line":59,"column":null}},"14":{"start":{"line":37,"column":29},"end":{"line":37,"column":null}},"15":{"start":{"line":43,"column":14},"end":{"line":45,"column":null}}},"fnMap":{"0":{"name":"(anonymous_0)","decl":{"start":{"line":9,"column":65},"end":{"line":9,"column":71}},"loc":{"start":{"line":9,"column":88},"end":{"line":61,"column":1}},"line":9},"1":{"name":"(anonymous_1)","decl":{"start":{"line":13,"column":23},"end":{"line":13,"column":30}},"loc":{"start":{"line":13,"column":53},"end":{"line":26,"column":null}},"line":13},"2":{"name":"(anonymous_2)","decl":{"start":{"line":37,"column":12},"end":{"line":37,"column":23}},"loc":{"start":{"line":37,"column":29},"end":{"line":37,"column":null}},"line":37},"3":{"name":"(anonymous_3)","decl":{"start":{"line":42,"column":25},"end":{"line":42,"column":29}},"loc":{"start":{"line":43,"column":14},"end":{"line":45,"column":null}},"line":43}},"branchMap":{"0":{"loc":{"start":{"line":15,"column":4},"end":{"line":15,"column":null}},"type":"if","locations":[{"start":{"line":15,"column":4},"end":{"line":15,"column":null}},{"start":{},"end":{}}],"line":15},"1":{"loc":{"start":{"line":52,"column":20},"end":{"line":52,"column":null}},"type":"binary-expr","locations":[{"start":{"line":52,"column":20},"end":{"line":52,"column":41}},{"start":{"line":52,"column":41},"end":{"line":52,"column":null}}],"line":52},"2":{"loc":{"start":{"line":56,"column":11},"end":{"line":56,"column":null}},"type":"cond-expr","locations":[{"start":{"line":56,"column":26},"end":{"line":56,"column":41}},{"start":{"line":56,"column":41},"end":{"line":56,"column":null}}],"line":56}},"s":{"0":2,"1":16,"2":16,"3":16,"4":4,"5":4,"6":1,"7":3,"8":3,"9":3,"10":2,"11":1,"12":3,"13":16,"14":3,"15":112},"f":{"0":16,"1":4,"2":3,"3":112},"b":{"0":[1,3],"1":[16,6],"2":[3,13]},"meta":{"lastBranch":3,"lastFunction":4,"lastStatement":16,"seen":{"s:9:59:61:Infinity":0,"f:9:65:9:71":0,"s:10:27:10:Infinity":1,"s:11:23:11:Infinity":2,"s:13:23:26:Infinity":3,"f:13:23:13:30":1,"s:14:4:14:Infinity":4,"b:15:4:15:Infinity:undefined:undefined:undefined:undefined":0,"s:15:4:15:Infinity":5,"s:15:27:15:Infinity":6,"s:17:4:17:Infinity":7,"s:18:4:25:Infinity":8,"s:19:6:19:Infinity":9,"s:20:6:20:Infinity":10,"s:22:6:22:Infinity":11,"s:24:6:24:Infinity":12,"s:28:2:59:Infinity":13,"f:37:12:37:23":2,"s:37:29:37:Infinity":14,"f:42:25:42:29":3,"s:43:14:45:Infinity":15,"b:52:20:52:41:52:41:52:Infinity":1,"b:56:26:56:41:56:41:56:Infinity":2}}}
,"/Users/vishnurohithb/Desktop/EcoWish/src/constants/actions.ts": {"path":"/Users/vishnurohithb/Desktop/EcoWish/src/constants/actions.ts","statementMap":{"0":{"start":{"line":3,"column":40},"end":{"line":11,"column":null}}},"fnMap":{},"branchMap":{},"s":{"0":3},"f":{},"b":{},"meta":{"lastBranch":0,"lastFunction":0,"lastStatement":1,"seen":{"s:3:40:11:Infinity":0}}}
,"/Users/vishnurohithb/Desktop/EcoWish/src/hooks/useActionLogs.ts": {"path":"/Users/vishnurohithb/Desktop/EcoWish/src/hooks/useActionLogs.ts","statementMap":{"0":{"start":{"line":6,"column":13},"end":{"line":91,"column":null}},"1":{"start":{"line":7,"column":15},"end":{"line":7,"column":null}},"2":{"start":{"line":8,"column":20},"end":{"line":8,"column":null}},"3":{"start":{"line":9,"column":16},"end":{"line":9,"column":null}},"4":{"start":{"line":11,"column":8},"end":{"line":31,"column":null}},"5":{"start":{"line":12,"column":4},"end":{"line":30,"column":null}},"6":{"start":{"line":13,"column":6},"end":{"line":13,"column":null}},"7":{"start":{"line":14,"column":39},"end":{"line":17,"column":null}},"8":{"start":{"line":19,"column":6},"end":{"line":19,"column":null}},"9":{"start":{"line":19,"column":19},"end":{"line":19,"column":null}},"10":{"start":{"line":20,"column":6},"end":{"line":20,"column":null}},"11":{"start":{"line":21,"column":6},"end":{"line":21,"column":null}},"12":{"start":{"line":23,"column":6},"end":{"line":27,"column":null}},"13":{"start":{"line":24,"column":8},"end":{"line":24,"column":null}},"14":{"start":{"line":26,"column":8},"end":{"line":26,"column":null}},"15":{"start":{"line":29,"column":6},"end":{"line":29,"column":null}},"16":{"start":{"line":33,"column":2},"end":{"line":35,"column":null}},"17":{"start":{"line":34,"column":4},"end":{"line":34,"column":null}},"18":{"start":{"line":37,"column":17},"end":{"line":67,"column":null}},"19":{"start":{"line":38,"column":22},"end":{"line":38,"column":null}},"20":{"start":{"line":38,"column":44},"end":{"line":38,"column":61}},"21":{"start":{"line":39,"column":4},"end":{"line":39,"column":null}},"22":{"start":{"line":39,"column":20},"end":{"line":39,"column":null}},"23":{"start":{"line":41,"column":4},"end":{"line":66,"column":null}},"24":{"start":{"line":42,"column":6},"end":{"line":42,"column":null}},"25":{"start":{"line":43,"column":39},"end":{"line":51,"column":null}},"26":{"start":{"line":53,"column":6},"end":{"line":53,"column":null}},"27":{"start":{"line":53,"column":19},"end":{"line":53,"column":null}},"28":{"start":{"line":56,"column":6},"end":{"line":58,"column":null}},"29":{"start":{"line":57,"column":8},"end":{"line":57,"column":null}},"30":{"start":{"line":57,"column":24},"end":{"line":57,"column":39}},"31":{"start":{"line":60,"column":6},"end":{"line":64,"column":null}},"32":{"start":{"line":61,"column":8},"end":{"line":61,"column":null}},"33":{"start":{"line":63,"column":8},"end":{"line":63,"column":null}},"34":{"start":{"line":65,"column":6},"end":{"line":65,"column":null}},"35":{"start":{"line":69,"column":20},"end":{"line":88,"column":null}},"36":{"start":{"line":70,"column":4},"end":{"line":87,"column":null}},"37":{"start":{"line":71,"column":6},"end":{"line":71,"column":null}},"38":{"start":{"line":72,"column":33},"end":{"line":75,"column":null}},"39":{"start":{"line":77,"column":6},"end":{"line":77,"column":null}},"40":{"start":{"line":77,"column":19},"end":{"line":77,"column":null}},"41":{"start":{"line":79,"column":6},"end":{"line":79,"column":null}},"42":{"start":{"line":79,"column":26},"end":{"line":79,"column":63}},"43":{"start":{"line":79,"column":49},"end":{"line":79,"column":62}},"44":{"start":{"line":81,"column":6},"end":{"line":85,"column":null}},"45":{"start":{"line":82,"column":8},"end":{"line":82,"column":null}},"46":{"start":{"line":84,"column":8},"end":{"line":84,"column":null}},"47":{"start":{"line":86,"column":6},"end":{"line":86,"column":null}},"48":{"start":{"line":90,"column":2},"end":{"line":90,"column":null}}},"fnMap":{"0":{"name":"(anonymous_0)","decl":{"start":{"line":6,"column":13},"end":{"line":6,"column":35}},"loc":{"start":{"line":6,"column":35},"end":{"line":91,"column":null}},"line":6},"1":{"name":"(anonymous_1)","decl":{"start":{"line":11,"column":32},"end":{"line":11,"column":44}},"loc":{"start":{"line":11,"column":44},"end":{"line":31,"column":5}},"line":11},"2":{"name":"(anonymous_2)","decl":{"start":{"line":33,"column":2},"end":{"line":33,"column":18}},"loc":{"start":{"line":33,"column":18},"end":{"line":35,"column":5}},"line":33},"3":{"name":"(anonymous_3)","decl":{"start":{"line":37,"column":17},"end":{"line":37,"column":24}},"loc":{"start":{"line":37,"column":45},"end":{"line":67,"column":null}},"line":37},"4":{"name":"(anonymous_4)","decl":{"start":{"line":38,"column":34},"end":{"line":38,"column":39}},"loc":{"start":{"line":38,"column":44},"end":{"line":38,"column":61}},"line":38},"5":{"name":"(anonymous_5)","decl":{"start":{"line":57,"column":8},"end":{"line":57,"column":16}},"loc":{"start":{"line":57,"column":24},"end":{"line":57,"column":39}},"line":57},"6":{"name":"(anonymous_6)","decl":{"start":{"line":69,"column":20},"end":{"line":69,"column":27}},"loc":{"start":{"line":69,"column":42},"end":{"line":88,"column":null}},"line":69},"7":{"name":"(anonymous_7)","decl":{"start":{"line":79,"column":6},"end":{"line":79,"column":14}},"loc":{"start":{"line":79,"column":26},"end":{"line":79,"column":63}},"line":79},"8":{"name":"(anonymous_8)","decl":{"start":{"line":79,"column":35},"end":{"line":79,"column":42}},"loc":{"start":{"line":79,"column":49},"end":{"line":79,"column":62}},"line":79}},"branchMap":{"0":{"loc":{"start":{"line":19,"column":6},"end":{"line":19,"column":null}},"type":"if","locations":[{"start":{"line":19,"column":6},"end":{"line":19,"column":null}},{"start":{},"end":{}}],"line":19},"1":{"loc":{"start":{"line":20,"column":14},"end":{"line":20,"column":24}},"type":"binary-expr","locations":[{"start":{"line":20,"column":14},"end":{"line":20,"column":22}},{"start":{"line":20,"column":22},"end":{"line":20,"column":24}}],"line":20},"2":{"loc":{"start":{"line":23,"column":6},"end":{"line":27,"column":null}},"type":"if","locations":[{"start":{"line":23,"column":6},"end":{"line":27,"column":null}},{"start":{"line":25,"column":13},"end":{"line":27,"column":null}}],"line":23},"3":{"loc":{"start":{"line":39,"column":4},"end":{"line":39,"column":null}},"type":"if","locations":[{"start":{"line":39,"column":4},"end":{"line":39,"column":null}},{"start":{},"end":{}}],"line":39},"4":{"loc":{"start":{"line":53,"column":6},"end":{"line":53,"column":null}},"type":"if","locations":[{"start":{"line":53,"column":6},"end":{"line":53,"column":null}},{"start":{},"end":{}}],"line":53},"5":{"loc":{"start":{"line":56,"column":6},"end":{"line":58,"column":null}},"type":"if","locations":[{"start":{"line":56,"column":6},"end":{"line":58,"column":null}},{"start":{},"end":{}}],"line":56},"6":{"loc":{"start":{"line":60,"column":6},"end":{"line":64,"column":null}},"type":"if","locations":[{"start":{"line":60,"column":6},"end":{"line":64,"column":null}},{"start":{"line":62,"column":13},"end":{"line":64,"column":null}}],"line":60},"7":{"loc":{"start":{"line":77,"column":6},"end":{"line":77,"column":null}},"type":"if","locations":[{"start":{"line":77,"column":6},"end":{"line":77,"column":null}},{"start":{},"end":{}}],"line":77},"8":{"loc":{"start":{"line":81,"column":6},"end":{"line":85,"column":null}},"type":"if","locations":[{"start":{"line":81,"column":6},"end":{"line":85,"column":null}},{"start":{"line":83,"column":13},"end":{"line":85,"column":null}}],"line":81}},"s":{"0":2,"1":31,"2":31,"3":31,"4":31,"5":12,"6":12,"7":12,"8":11,"9":1,"10":10,"11":12,"12":2,"13":1,"14":1,"15":12,"16":31,"17":12,"18":31,"19":5,"20":11,"21":5,"22":1,"23":4,"24":4,"25":4,"26":3,"27":1,"28":2,"29":1,"30":1,"31":2,"32":1,"33":1,"34":2,"35":31,"36":3,"37":3,"38":3,"39":2,"40":2,"41":1,"42":1,"43":1,"44":2,"45":1,"46":1,"47":2,"48":31},"f":{"0":31,"1":12,"2":12,"3":5,"4":11,"5":1,"6":3,"7":1,"8":1},"b":{"0":[1,10],"1":[10,1],"2":[1,1],"3":[1,4],"4":[1,2],"5":[1,1],"6":[1,1],"7":[1,1],"8":[1,1]},"meta":{"lastBranch":9,"lastFunction":9,"lastStatement":49,"seen":{"s:6:13:91:Infinity":0,"f:6:13:6:35":0,"s:7:15:7:Infinity":1,"s:8:20:8:Infinity":2,"s:9:16:9:Infinity":3,"s:11:8:31:Infinity":4,"f:11:32:11:44":1,"s:12:4:30:Infinity":5,"s:13:6:13:Infinity":6,"s:14:39:17:Infinity":7,"b:19:6:19:Infinity:undefined:undefined:undefined:undefined":0,"s:19:6:19:Infinity":8,"s:19:19:19:Infinity":9,"s:20:6:20:Infinity":10,"b:20:14:20:22:20:22:20:24":1,"s:21:6:21:Infinity":11,"b:23:6:27:Infinity:25:13:27:Infinity":2,"s:23:6:27:Infinity":12,"s:24:8:24:Infinity":13,"s:26:8:26:Infinity":14,"s:29:6:29:Infinity":15,"s:33:2:35:Infinity":16,"f:33:2:33:18":2,"s:34:4:34:Infinity":17,"s:37:17:67:Infinity":18,"f:37:17:37:24":3,"s:38:22:38:Infinity":19,"f:38:34:38:39":4,"s:38:44:38:61":20,"b:39:4:39:Infinity:undefined:undefined:undefined:undefined":3,"s:39:4:39:Infinity":21,"s:39:20:39:Infinity":22,"s:41:4:66:Infinity":23,"s:42:6:42:Infinity":24,"s:43:39:51:Infinity":25,"b:53:6:53:Infinity:undefined:undefined:undefined:undefined":4,"s:53:6:53:Infinity":26,"s:53:19:53:Infinity":27,"b:56:6:58:Infinity:undefined:undefined:undefined:undefined":5,"s:56:6:58:Infinity":28,"s:57:8:57:Infinity":29,"f:57:8:57:16":5,"s:57:24:57:39":30,"b:60:6:64:Infinity:62:13:64:Infinity":6,"s:60:6:64:Infinity":31,"s:61:8:61:Infinity":32,"s:63:8:63:Infinity":33,"s:65:6:65:Infinity":34,"s:69:20:88:Infinity":35,"f:69:20:69:27":6,"s:70:4:87:Infinity":36,"s:71:6:71:Infinity":37,"s:72:33:75:Infinity":38,"b:77:6:77:Infinity:undefined:undefined:undefined:undefined":7,"s:77:6:77:Infinity":39,"s:77:19:77:Infinity":40,"s:79:6:79:Infinity":41,"f:79:6:79:14":7,"s:79:26:79:63":42,"f:79:35:79:42":8,"s:79:49:79:62":43,"b:81:6:85:Infinity:83:13:85:Infinity":8,"s:81:6:85:Infinity":44,"s:82:8:82:Infinity":45,"s:84:8:84:Infinity":46,"s:86:6:86:Infinity":47,"s:90:2:90:Infinity":48}}}
,"/Users/vishnurohithb/Desktop/EcoWish/src/utils/auth.ts": {"path":"/Users/vishnurohithb/Desktop/EcoWish/src/utils/auth.ts","statementMap":{"0":{"start":{"line":1,"column":13},"end":{"line":8,"column":null}},"1":{"start":{"line":2,"column":15},"end":{"line":2,"column":null}},"2":{"start":{"line":3,"column":2},"end":{"line":6,"column":null}},"3":{"start":{"line":4,"column":4},"end":{"line":4,"column":null}},"4":{"start":{"line":5,"column":4},"end":{"line":5,"column":null}},"5":{"start":{"line":7,"column":2},"end":{"line":7,"column":null}}},"fnMap":{"0":{"name":"(anonymous_0)","decl":{"start":{"line":1,"column":13},"end":{"line":1,"column":48}},"loc":{"start":{"line":1,"column":48},"end":{"line":8,"column":null}},"line":1}},"branchMap":{"0":{"loc":{"start":{"line":3,"column":2},"end":{"line":6,"column":null}},"type":"if","locations":[{"start":{"line":3,"column":2},"end":{"line":6,"column":null}},{"start":{},"end":{}}],"line":3}},"s":{"0":2,"1":3,"2":3,"3":2,"4":2,"5":3},"f":{"0":3},"b":{"0":[2,1]},"meta":{"lastBranch":1,"lastFunction":1,"lastStatement":6,"seen":{"s:1:13:8:Infinity":0,"f:1:13:1:48":0,"s:2:15:2:Infinity":1,"b:3:2:6:Infinity:undefined:undefined:undefined:undefined":0,"s:3:2:6:Infinity":2,"s:4:4:4:Infinity":3,"s:5:4:5:Infinity":4,"s:7:2:7:Infinity":5}}}
}
